\BOOKMARK [0][-]{chapter.1}{Introduction}{}% 1
\BOOKMARK [1][-]{section.1.1}{Purpose of Iris}{chapter.1}% 2
\BOOKMARK [1][-]{section.1.2}{Motivation for Iris}{chapter.1}% 3
\BOOKMARK [0][-]{chapter.2}{Specification}{}% 4
\BOOKMARK [1][-]{section.2.1}{Description}{chapter.2}% 5
\BOOKMARK [1][-]{section.2.2}{Use Cases}{chapter.2}% 6
\BOOKMARK [0][-]{chapter.3}{Relevant Technologies}{}% 7
\BOOKMARK [1][-]{section.3.1}{Grails}{chapter.3}% 8
\BOOKMARK [1][-]{section.3.2}{Groovy}{chapter.3}% 9
\BOOKMARK [1][-]{section.3.3}{Spock}{chapter.3}% 10
\BOOKMARK [1][-]{section.3.4}{Elasticsearch}{chapter.3}% 11
\BOOKMARK [2][-]{subsection.3.4.1}{Generating Dynamic Elasticsearch Queries}{section.3.4}% 12
\BOOKMARK [3][-]{subsubsection.3.4.1.1}{Elasticsearch Java API Issue}{subsection.3.4.1}% 13
\BOOKMARK [3][-]{subsubsection.3.4.1.2}{Solution using Groovy/Grails}{subsection.3.4.1}% 14
\BOOKMARK [4][-]{paragraph.3.4.1.2.1}{Advantages of using Groovy/Grails}{subsubsection.3.4.1.2}% 15
\BOOKMARK [4][-]{paragraph.3.4.1.2.2}{Disadvantages of using Groovy/Grails}{subsubsection.3.4.1.2}% 16
\BOOKMARK [3][-]{subsubsection.3.4.1.3}{Solution using Javascript}{subsection.3.4.1}% 17
\BOOKMARK [4][-]{paragraph.3.4.1.3.1}{Advantages of using Javascript}{subsubsection.3.4.1.3}% 18
\BOOKMARK [1][-]{section.3.5}{JQuery}{chapter.3}% 19
\BOOKMARK [1][-]{section.3.6}{Grails Spring Websockets Plugin}{chapter.3}% 20
\BOOKMARK [1][-]{section.3.7}{Selenide \(Functional Testing\)}{chapter.3}% 21
\BOOKMARK [1][-]{section.3.8}{Dashboards}{chapter.3}% 22
\BOOKMARK [2][-]{subsection.3.8.1}{ Dashboard Library Requirements}{section.3.8}% 23
\BOOKMARK [2][-]{subsection.3.8.2}{Review of Dashboard Libraries}{section.3.8}% 24
\BOOKMARK [1][-]{section.3.9}{Chart Libraries}{chapter.3}% 25
\BOOKMARK [2][-]{subsection.3.9.1}{Chart Library Requirements}{section.3.9}% 26
\BOOKMARK [2][-]{subsection.3.9.2}{Review of Chart Libraries}{section.3.9}% 27
\BOOKMARK [1][-]{section.3.10}{Similar Products}{chapter.3}% 28
\BOOKMARK [2][-]{subsection.3.10.1}{Kibana}{section.3.10}% 29
\BOOKMARK [2][-]{subsection.3.10.2}{Grafana}{section.3.10}% 30
\BOOKMARK [2][-]{subsection.3.10.3}{New Relic}{section.3.10}% 31
\BOOKMARK [2][-]{subsection.3.10.4}{AWS \(Amazon Web Services\)}{section.3.10}% 32
\BOOKMARK [0][-]{chapter.4}{Iris Current Progress}{}% 33
\BOOKMARK [1][-]{section.4.1}{Design Iterations}{chapter.4}% 34
\BOOKMARK [2][-]{subsection.4.1.1}{Iris \(Current\)}{section.4.1}% 35
\BOOKMARK [0][-]{section*.5}{Appendices}{}% 36
\BOOKMARK [0][-]{Appendix.1.A}{Iris Iterations}{}% 37
\BOOKMARK [1][-]{section.1.A.1}{ MEAN \(MongoDB, Express, Angular, Nodejs\) Stack}{Appendix.1.A}% 38
\BOOKMARK [1][-]{section.1.A.2}{Iris Single Page Application}{Appendix.1.A}% 39
\BOOKMARK [1][-]{section.1.A.3}{Iris \046 Kibana as a Single Entity}{Appendix.1.A}% 40
\BOOKMARK [0][-]{Appendix.1.B}{Iris Trello Board}{}% 41
\BOOKMARK [0][-]{Appendix.1.C}{Dashboard Library Comparisons}{}% 42
\BOOKMARK [1][-]{section.1.C.1}{Gridster}{Appendix.1.C}% 43
\BOOKMARK [1][-]{section.1.C.2}{Packery}{Appendix.1.C}% 44
\BOOKMARK [1][-]{section.1.C.3}{GridList}{Appendix.1.C}% 45
\BOOKMARK [1][-]{section.1.C.4}{GridStack}{Appendix.1.C}% 46
\BOOKMARK [0][-]{Appendix.1.D}{Chart Library Comparisons}{}% 47
\BOOKMARK [1][-]{section.1.D.1}{Why D3 is not being used directly}{Appendix.1.D}% 48
\BOOKMARK [1][-]{section.1.D.2}{C3}{Appendix.1.D}% 49
\BOOKMARK [1][-]{section.1.D.3}{Billboardjs}{Appendix.1.D}% 50
\BOOKMARK [1][-]{section.1.D.4}{Chartjs}{Appendix.1.D}% 51
